2024-09-26T19:56:46.835+02:00  INFO 1316 --- [mybackend] [main] c.e.mybackend.MybackendApplicationTests  : Starting MybackendApplicationTests using Java 22.0.2 with PID 1316 (started by Yaiza in C:\Users\Yaiza\Documents\practicas\trip_recommender\explotacion_datos\backend)
2024-09-26T19:56:46.843+02:00  INFO 1316 --- [mybackend] [main] c.e.mybackend.MybackendApplicationTests  : No active profile set, falling back to 1 default profile: "default"
2024-09-26T19:56:46.875+02:00 DEBUG 1316 --- [mybackend] [main] o.s.w.c.s.GenericWebApplicationContext   : Refreshing org.springframework.web.context.support.GenericWebApplicationContext@49ef32e0
2024-09-26T19:56:47.248+02:00  INFO 1316 --- [mybackend] [main] .s.d.r.c.RepositoryConfigurationDelegate : Bootstrapping Spring Data Neo4j repositories in DEFAULT mode.
2024-09-26T19:56:47.350+02:00  INFO 1316 --- [mybackend] [main] .s.d.r.c.RepositoryConfigurationDelegate : Finished Spring Data repository scanning in 98 ms. Found 2 Neo4j repository interfaces.
2024-09-26T19:56:47.486+02:00  INFO 1316 --- [mybackend] [main] .s.d.r.c.RepositoryConfigurationDelegate : Bootstrapping Spring Data Neo4j repositories in DEFAULT mode.
2024-09-26T19:56:47.494+02:00  INFO 1316 --- [mybackend] [main] .s.d.r.c.RepositoryConfigurationDelegate : Finished Spring Data repository scanning in 7 ms. Found 0 Neo4j repository interfaces.
2024-09-26T19:56:47.980+02:00  WARN 1316 --- [mybackend] [main] o.s.d.n.c.mapping.Neo4jPersistentEntity  : The entity com.example.mybackend.model.Group is using a Long value for storing internally generated Neo4j ids. The Neo4j internal Long Ids are deprecated, please consider using an external ID generator.
2024-09-26T19:56:47.997+02:00  WARN 1316 --- [mybackend] [main] o.s.d.n.c.mapping.Neo4jPersistentEntity  : The entity com.example.mybackend.model.User is using a Long value for storing internally generated Neo4j ids. The Neo4j internal Long Ids are deprecated, please consider using an external ID generator.
2024-09-26T19:56:48.166+02:00  WARN 1316 --- [mybackend] [main] .s.s.UserDetailsServiceAutoConfiguration : 

Using generated security password: 9b161400-5671-4c74-9c06-1d8ba11d798d

This generated password is for development use only. Your security configuration must be updated before running your application in production.

2024-09-26T19:56:48.195+02:00  INFO 1316 --- [mybackend] [main] r$InitializeUserDetailsManagerConfigurer : Global AuthenticationManager configured with UserDetailsService bean with name inMemoryUserDetailsManager
2024-09-26T19:56:48.325+02:00 DEBUG 1316 --- [mybackend] [main] s.w.s.m.m.a.RequestMappingHandlerMapping : 12 mappings in 'requestMappingHandlerMapping'
2024-09-26T19:56:48.423+02:00 DEBUG 1316 --- [mybackend] [main] o.s.w.s.handler.SimpleUrlHandlerMapping  : Patterns [/webjars/**, /**] in 'resourceHandlerMapping'
2024-09-26T19:56:48.459+02:00 DEBUG 1316 --- [mybackend] [main] o.s.s.web.DefaultSecurityFilterChain     : Will secure any request with filters: DisableEncodeUrlFilter, WebAsyncManagerIntegrationFilter, SecurityContextHolderFilter, HeaderWriterFilter, CorsFilter, LogoutFilter, RequestCacheAwareFilter, SecurityContextHolderAwareRequestFilter, AnonymousAuthenticationFilter, ExceptionTranslationFilter, AuthorizationFilter
2024-09-26T19:56:48.605+02:00 DEBUG 1316 --- [mybackend] [main] s.w.s.m.m.a.RequestMappingHandlerAdapter : ControllerAdvice beans: 0 @ModelAttribute, 0 @InitBinder, 1 RequestBodyAdvice, 1 ResponseBodyAdvice
2024-09-26T19:56:48.635+02:00 DEBUG 1316 --- [mybackend] [main] .m.m.a.ExceptionHandlerExceptionResolver : ControllerAdvice beans: 0 @ExceptionHandler, 1 ResponseBodyAdvice
2024-09-26T19:56:48.711+02:00  INFO 1316 --- [mybackend] [main] c.e.mybackend.MybackendApplicationTests  : Started MybackendApplicationTests in 2.158 seconds (process running for 3.0)
2024-09-26T19:56:49.348+02:00 DEBUG 1316 --- [mybackend] [SpringApplicationShutdownHook] o.s.w.c.s.GenericWebApplicationContext   : Closing org.springframework.web.context.support.GenericWebApplicationContext@49ef32e0, started on Thu Sep 26 19:56:46 CEST 2024
